97.10.21 15:31 B D:\Tirgool\gifs\abacus.gif <-- Hebrew University /a/huey.cs.huji.ac.il/home/ai/davidt/db_web/gifs abacus.gif
97.10.21 15:31 B D:\Tirgool\gifs\arrow.gif <-- Hebrew University /a/huey.cs.huji.ac.il/home/ai/davidt/db_web/gifs arrow.gif
97.10.21 15:31 B D:\Tirgool\gifs\bbook.gif <-- Hebrew University /a/huey.cs.huji.ac.il/home/ai/davidt/db_web/gifs bbook.gif
97.10.21 15:31 B D:\Tirgool\gifs\bbook.tif <-- Hebrew University /a/huey.cs.huji.ac.il/home/ai/davidt/db_web/gifs bbook.tif
97.10.21 15:31 B D:\Tirgool\gifs\bforms.gif <-- Hebrew University /a/huey.cs.huji.ac.il/home/ai/davidt/db_web/gifs bforms.gif
97.10.21 15:31 B D:\Tirgool\gifs\bforms.tif <-- Hebrew University /a/huey.cs.huji.ac.il/home/ai/davidt/db_web/gifs bforms.tif
97.10.21 15:31 B D:\Tirgool\gifs\calender-icon.gif <-- Hebrew University /a/huey.cs.huji.ac.il/home/ai/davidt/db_web/gifs calender-icon.gif
97.10.21 15:31 B D:\Tirgool\gifs\clock.xbm <-- Hebrew University /a/huey.cs.huji.ac.il/home/ai/davidt/db_web/gifs clock.xbm
97.10.21 15:31 B D:\Tirgool\gifs\courses-icon.gif <-- Hebrew University /a/huey.cs.huji.ac.il/home/ai/davidt/db_web/gifs courses-icon.gif
97.10.21 15:31 B D:\Tirgool\gifs\datetime.gif <-- Hebrew University /a/huey.cs.huji.ac.il/home/ai/davidt/db_web/gifs datetime.gif
97.10.21 15:31 B D:\Tirgool\gifs\doc.gif <-- Hebrew University /a/huey.cs.huji.ac.il/home/ai/davidt/db_web/gifs doc.gif
97.10.21 15:31 B D:\Tirgool\gifs\exer.gif <-- Hebrew University /a/huey.cs.huji.ac.il/home/ai/davidt/db_web/gifs exer.gif
97.10.21 15:31 B D:\Tirgool\gifs\exercises.gif <-- Hebrew University /a/huey.cs.huji.ac.il/home/ai/davidt/db_web/gifs exercises.gif
97.10.21 15:31 B D:\Tirgool\gifs\filing.cabinet.xbm <-- Hebrew University /a/huey.cs.huji.ac.il/home/ai/davidt/db_web/gifs filing.cabinet.xbm
97.10.21 15:31 B D:\Tirgool\gifs\form.xbm <-- Hebrew University /a/huey.cs.huji.ac.il/home/ai/davidt/db_web/gifs form.xbm
97.10.21 15:31 B D:\Tirgool\gifs\frmrun.gif <-- Hebrew University /a/huey.cs.huji.ac.il/home/ai/davidt/db_web/gifs frmrun.gif
97.10.21 15:31 B D:\Tirgool\gifs\hp.TechnicalSpecs.gif <-- Hebrew University /a/huey.cs.huji.ac.il/home/ai/davidt/db_web/gifs hp.TechnicalSpecs.gif
97.10.21 15:31 B D:\Tirgool\gifs\hypermail.gif <-- Hebrew University /a/huey.cs.huji.ac.il/home/ai/davidt/db_web/gifs hypermail.gif
97.10.21 15:31 B D:\Tirgool\gifs\icon.bill.gif <-- Hebrew University /a/huey.cs.huji.ac.il/home/ai/davidt/db_web/gifs icon.bill.gif
97.10.21 15:31 B D:\Tirgool\gifs\icon.doc.comp.gif <-- Hebrew University /a/huey.cs.huji.ac.il/home/ai/davidt/db_web/gifs icon.doc.comp.gif
97.10.21 15:32 B D:\Tirgool\gifs\icon.news.gif <-- Hebrew University /a/huey.cs.huji.ac.il/home/ai/davidt/db_web/gifs icon.news.gif
97.10.21 15:32 B D:\Tirgool\gifs\icon.note.gif <-- Hebrew University /a/huey.cs.huji.ac.il/home/ai/davidt/db_web/gifs icon.note.gif
97.10.21 15:32 B D:\Tirgool\gifs\icon.stop.gif <-- Hebrew University /a/huey.cs.huji.ac.il/home/ai/davidt/db_web/gifs icon.stop.gif
97.10.21 15:32 B D:\Tirgool\gifs\index.gif <-- Hebrew University /a/huey.cs.huji.ac.il/home/ai/davidt/db_web/gifs index.gif
97.10.21 15:32 B D:\Tirgool\gifs\info.gif <-- Hebrew University /a/huey.cs.huji.ac.il/home/ai/davidt/db_web/gifs info.gif
97.10.21 15:32 B D:\Tirgool\gifs\itools.gif <-- Hebrew University /a/huey.cs.huji.ac.il/home/ai/davidt/db_web/gifs itools.gif
97.10.21 15:32 B D:\Tirgool\gifs\links.gif <-- Hebrew University /a/huey.cs.huji.ac.il/home/ai/davidt/db_web/gifs links.gif
97.10.21 15:32 B D:\Tirgool\gifs\menu.gif <-- Hebrew University /a/huey.cs.huji.ac.il/home/ai/davidt/db_web/gifs menu.gif
97.10.21 15:32 B D:\Tirgool\gifs\ologo.gif <-- Hebrew University /a/huey.cs.huji.ac.il/home/ai/davidt/db_web/gifs ologo.gif
97.10.21 15:32 B D:\Tirgool\gifs\ologo.tif <-- Hebrew University /a/huey.cs.huji.ac.il/home/ai/davidt/db_web/gifs ologo.tif
97.10.21 15:32 B D:\Tirgool\gifs\PointRight.gif <-- Hebrew University /a/huey.cs.huji.ac.il/home/ai/davidt/db_web/gifs PointRight.gif
97.10.21 15:32 B D:\Tirgool\gifs\ra.gif <-- Hebrew University /a/huey.cs.huji.ac.il/home/ai/davidt/db_web/gifs ra.gif
97.10.21 15:32 B D:\Tirgool\gifs\scream.gif <-- Hebrew University /a/huey.cs.huji.ac.il/home/ai/davidt/db_web/gifs scream.gif
97.10.21 15:32 B D:\Tirgool\gifs\skull.gif <-- Hebrew University /a/huey.cs.huji.ac.il/home/ai/davidt/db_web/gifs skull.gif
97.10.21 15:32 B D:\Tirgool\gifs\smile.happy.gif <-- Hebrew University /a/huey.cs.huji.ac.il/home/ai/davidt/db_web/gifs smile.happy.gif
97.10.21 15:32 B D:\Tirgool\gifs\tar.xbm <-- Hebrew University /a/huey.cs.huji.ac.il/home/ai/davidt/db_web/gifs tar.xbm
97.10.21 15:32 B D:\Tirgool\gifs\Tbox.gif <-- Hebrew University /a/huey.cs.huji.ac.il/home/ai/davidt/db_web/gifs Tbox.gif
97.10.21 15:32 B D:\Tirgool\gifs\warning_icon.gif <-- Hebrew University /a/huey.cs.huji.ac.il/home/ai/davidt/db_web/gifs warning_icon.gif
